<?xml version="1.0" encoding="UTF-8"?>
<testng-results ignored="0" total="1" passed="1" failed="0" skipped="0">
  <reporter-output>
  </reporter-output>
  <suite started-at="2025-07-29T21:59:06 TRT" name="Default suite" finished-at="2025-07-29T21:59:12 TRT" duration-ms="5618">
    <groups>
    </groups>
    <test started-at="2025-07-29T21:59:06 TRT" name="Default test" finished-at="2025-07-29T21:59:12 TRT" duration-ms="5618">
      <class name="tests.HomepageTest">
        <test-method is-config="true" signature="setUp()[pri:0, instance:tests.HomepageTest@55141def]" started-at="2025-07-29T21:59:06 TRT" name="setUp" finished-at="2025-07-29T21:59:09 TRT" duration-ms="3408" status="PASS">
          <reporter-output>
          </reporter-output>
        </test-method> <!-- setUp -->
        <test-method signature="testHomePage()[pri:0, instance:tests.HomepageTest@55141def]" started-at="2025-07-29T21:59:09 TRT" name="testHomePage" finished-at="2025-07-29T21:59:12 TRT" duration-ms="2171" status="PASS">
          <reporter-output>
          </reporter-output>
        </test-method> <!-- testHomePage -->
        <test-method is-config="true" signature="tearDown()[pri:0, instance:tests.HomepageTest@55141def]" started-at="2025-07-29T21:59:12 TRT" name="tearDown" finished-at="2025-07-29T21:59:12 TRT" duration-ms="1" status="PASS">
          <reporter-output>
          </reporter-output>
        </test-method> <!-- tearDown -->
      </class> <!-- tests.HomepageTest -->
    </test> <!-- Default test -->
  </suite> <!-- Default suite -->
</testng-results>
